<?xml version="1.0" encoding="UTF-8"?>
<!-- Generated by org.testng.reporters.JUnitReportReporter -->
<testsuite hostname="Aruns-PC" failures="0" tests="1" name="TestScenarios.FlightBooking" time="7.393" errors="0" timestamp="2023-01-17T08:33:33 IST" skipped="0">
  <testcase classname="TestScenarios.FlightBooking" name="HotelBooking" time="7.393"/>
  <system-out/>
</testsuite> <!-- TestScenarios.FlightBooking -->
