<?xml version="1.0" encoding="UTF-8"?>
<!-- Generated by org.testng.reporters.JUnitReportReporter -->
<testsuite hostname="Aruns-PC" failures="0" tests="1" name="TestScenarios.FlightBooking" time="0.592" errors="0" timestamp="2023-01-16T22:26:17 IST" skipped="0">
  <testcase classname="TestScenarios.FlightBooking" name="HotelBooking" time="0.592"/>
  <system-out/>
</testsuite> <!-- TestScenarios.FlightBooking -->
